# JRE version: Java(TM) SE Runtime Environment (22.0.2+9) (build 22.0.2+9-70)
# Java VM: Java HotSpot(TM) 64-Bit Server VM (22.0.2+9-70, mixed mode, sharing, tiered, compressed oops, compressed class ptrs, g1 gc, windows-amd64)
GC Precious Log:
 CardTable entry size: 512
 Card Set container configuration: InlinePtr #cards 4 size 8 Array Of Cards #cards 16 size 48 Howl #buckets 8 coarsen threshold 3686 Howl Bitmap #cards 512 size 80 coarsen threshold 460 Card regions per heap region 1 cards per card region 4096
 CPUs: 4 total, 4 available
 Memory: 16383M
 Large Page Support: Disabled
 NUMA Support: Disabled
 Compressed Oops: Enabled (Zero based)
 Heap Region Size: 2M
 Heap Min Capacity: 8M
 Heap Initial Capacity: 256M
 Heap Max Capacity: 4G
 Pre-touch: Disabled
 Parallel Workers: 4
 Concurrent Workers: 1
 Concurrent Refinement Workers: 4
 Periodic GC: Disabled
Heap:
 garbage-first heap   total reserved 4194304K, committed 241664K, used 78811K [0x0000000700000000, 0x0000000800000000)
  region size 2048K, 6 young (12288K), 2 survivors (4096K)
 Metaspace       used 95112K, committed 96256K, reserved 1179648K
  class space    used 11843K, committed 12352K, reserved 1048576K
GC Heap History (20 events):
Event: 2788.241 GC heap before
{Heap before GC invocations=249 (full 21):
 garbage-first heap   total reserved 4194304K, committed 151552K, used 129888K [0x0000000700000000, 0x0000000800000000)
  region size 2048K, 36 young (73728K), 4 survivors (8192K)
 Metaspace       used 94597K, committed 95808K, reserved 1179648K
  class space    used 11815K, committed 12352K, reserved 1048576K
}
Event: 2788.255 GC heap after
{Heap after GC invocations=250 (full 21):
 garbage-first heap   total reserved 4194304K, committed 151552K, used 69317K [0x0000000700000000, 0x0000000800000000)
  region size 2048K, 3 young (6144K), 3 survivors (6144K)
 Metaspace       used 94597K, committed 95808K, reserved 1179648K
  class space    used 11815K, committed 12352K, reserved 1048576K
}
Event: 2788.604 GC heap before
{Heap before GC invocations=251 (full 21):
 garbage-first heap   total reserved 4194304K, committed 151552K, used 130757K [0x0000000700000000, 0x0000000800000000)
  region size 2048K, 33 young (67584K), 3 survivors (6144K)
 Metaspace       used 94598K, committed 95808K, reserved 1179648K
  class space    used 11816K, committed 12352K, reserved 1048576K
}
Event: 2788.613 GC heap after
{Heap after GC invocations=252 (full 21):
 garbage-first heap   total reserved 4194304K, committed 151552K, used 71920K [0x0000000700000000, 0x0000000800000000)
  region size 2048K, 4 young (8192K), 4 survivors (8192K)
 Metaspace       used 94598K, committed 95808K, reserved 1179648K
  class space    used 11816K, committed 12352K, reserved 1048576K
}
Event: 2789.304 GC heap before
{Heap before GC invocations=252 (full 21):
 garbage-first heap   total reserved 4194304K, committed 151552K, used 129264K [0x0000000700000000, 0x0000000800000000)
  region size 2048K, 32 young (65536K), 4 survivors (8192K)
 Metaspace       used 94781K, committed 96000K, reserved 1179648K
  class space    used 11823K, committed 12352K, reserved 1048576K
}
Event: 2789.321 GC heap after
{Heap after GC invocations=253 (full 21):
 garbage-first heap   total reserved 4194304K, committed 204800K, used 72639K [0x0000000700000000, 0x0000000800000000)
  region size 2048K, 2 young (4096K), 2 survivors (4096K)
 Metaspace       used 94781K, committed 96000K, reserved 1179648K
  class space    used 11823K, committed 12352K, reserved 1048576K
}
Event: 2823.923 GC heap before
{Heap before GC invocations=253 (full 21):
 garbage-first heap   total reserved 4194304K, committed 204800K, used 175039K [0x0000000700000000, 0x0000000800000000)
  region size 2048K, 53 young (108544K), 2 survivors (4096K)
 Metaspace       used 94980K, committed 96128K, reserved 1179648K
  class space    used 11831K, committed 12352K, reserved 1048576K
}
Event: 2824.109 GC heap after
{Heap after GC invocations=254 (full 22):
 garbage-first heap   total reserved 4194304K, committed 151552K, used 41451K [0x0000000700000000, 0x0000000800000000)
  region size 2048K, 0 young (0K), 0 survivors (0K)
 Metaspace       used 94977K, committed 96128K, reserved 1179648K
  class space    used 11831K, committed 12352K, reserved 1048576K
}
Event: 2824.599 GC heap before
{Heap before GC invocations=254 (full 22):
 garbage-first heap   total reserved 4194304K, committed 151552K, used 127467K [0x0000000700000000, 0x0000000800000000)
  region size 2048K, 43 young (88064K), 0 survivors (0K)
 Metaspace       used 94982K, committed 96128K, reserved 1179648K
  class space    used 11831K, committed 12352K, reserved 1048576K
}
Event: 2824.611 GC heap after
{Heap after GC invocations=255 (full 22):
 garbage-first heap   total reserved 4194304K, committed 151552K, used 50491K [0x0000000700000000, 0x0000000800000000)
  region size 2048K, 5 young (10240K), 5 survivors (10240K)
 Metaspace       used 94982K, committed 96128K, reserved 1179648K
  class space    used 11831K, committed 12352K, reserved 1048576K
}
Event: 2825.177 GC heap before
{Heap before GC invocations=255 (full 22):
 garbage-first heap   total reserved 4194304K, committed 151552K, used 126267K [0x0000000700000000, 0x0000000800000000)
  region size 2048K, 42 young (86016K), 5 survivors (10240K)
 Metaspace       used 94982K, committed 96128K, reserved 1179648K
  class space    used 11831K, committed 12352K, reserved 1048576K
}
Event: 2825.198 GC heap after
{Heap after GC invocations=256 (full 22):
 garbage-first heap   total reserved 4194304K, committed 151552K, used 56763K [0x0000000700000000, 0x0000000800000000)
  region size 2048K, 4 young (8192K), 4 survivors (8192K)
 Metaspace       used 94982K, committed 96128K, reserved 1179648K
  class space    used 11831K, committed 12352K, reserved 1048576K
}
Event: 2825.959 GC heap before
{Heap before GC invocations=256 (full 22):
 garbage-first heap   total reserved 4194304K, committed 151552K, used 128443K [0x0000000700000000, 0x0000000800000000)
  region size 2048K, 39 young (79872K), 4 survivors (8192K)
 Metaspace       used 95002K, committed 96192K, reserved 1179648K
  class space    used 11835K, committed 12352K, reserved 1048576K
}
Event: 2825.979 GC heap after
{Heap after GC invocations=257 (full 22):
 garbage-first heap   total reserved 4194304K, committed 151552K, used 64228K [0x0000000700000000, 0x0000000800000000)
  region size 2048K, 4 young (8192K), 4 survivors (8192K)
 Metaspace       used 95002K, committed 96192K, reserved 1179648K
  class space    used 11835K, committed 12352K, reserved 1048576K
}
Event: 2826.265 GC heap before
{Heap before GC invocations=258 (full 22):
 garbage-first heap   total reserved 4194304K, committed 151552K, used 127716K [0x0000000700000000, 0x0000000800000000)
  region size 2048K, 35 young (71680K), 4 survivors (8192K)
 Metaspace       used 95002K, committed 96192K, reserved 1179648K
  class space    used 11835K, committed 12352K, reserved 1048576K
}
Event: 2826.280 GC heap after
{Heap after GC invocations=259 (full 22):
 garbage-first heap   total reserved 4194304K, committed 151552K, used 68685K [0x0000000700000000, 0x0000000800000000)
  region size 2048K, 3 young (6144K), 3 survivors (6144K)
 Metaspace       used 95002K, committed 96192K, reserved 1179648K
  class space    used 11835K, committed 12352K, reserved 1048576K
}
Event: 2826.682 GC heap before
{Heap before GC invocations=259 (full 22):
 garbage-first heap   total reserved 4194304K, committed 151552K, used 130125K [0x0000000700000000, 0x0000000800000000)
  region size 2048K, 33 young (67584K), 3 survivors (6144K)
 Metaspace       used 95003K, committed 96192K, reserved 1179648K
  class space    used 11835K, committed 12352K, reserved 1048576K
}
Event: 2826.691 GC heap after
{Heap after GC invocations=260 (full 22):
 garbage-first heap   total reserved 4194304K, committed 151552K, used 72116K [0x0000000700000000, 0x0000000800000000)
  region size 2048K, 4 young (8192K), 4 survivors (8192K)
 Metaspace       used 95003K, committed 96192K, reserved 1179648K
  class space    used 11835K, committed 12352K, reserved 1048576K
}
Event: 2827.312 GC heap before
{Heap before GC invocations=260 (full 22):
 garbage-first heap   total reserved 4194304K, committed 151552K, used 129460K [0x0000000700000000, 0x0000000800000000)
  region size 2048K, 32 young (65536K), 4 survivors (8192K)
 Metaspace       used 95020K, committed 96192K, reserved 1179648K
  class space    used 11837K, committed 12352K, reserved 1048576K
}
Event: 2827.327 GC heap after
{Heap after GC invocations=261 (full 22):
 garbage-first heap   total reserved 4194304K, committed 241664K, used 72667K [0x0000000700000000, 0x0000000800000000)
  region size 2048K, 2 young (4096K), 2 survivors (4096K)
 Metaspace       used 95020K, committed 96192K, reserved 1179648K
  class space    used 11837K, committed 12352K, reserved 1048576K
}

